#
# There is insufficient memory for the Java Runtime Environment to continue.
# Native memory allocation (malloc) failed to allocate 65552 bytes for Chunk::new
# Possible reasons:
#   The system is out of physical RAM or swap space
#   In 32 bit mode, the process size limit was hit
# Possible solutions:
#   Reduce memory load on the system
#   Increase physical memory or swap space
#   Check if swap backing store is full
#   Use 64 bit Java on a 64 bit OS
#   Decrease Java heap size (-Xmx/-Xms)
#   Decrease number of Java threads
#   Decrease Java thread stack sizes (-Xss)
#   Set larger code cache with -XX:ReservedCodeCacheSize=
# This output file may be truncated or incomplete.
#
#  Out of Memory Error (allocation.cpp:323), pid=4120, tid=180
#
# JRE version: Java(TM) SE Runtime Environment (7.0_79-b15) (build 1.7.0_79-b15)
# Java VM: Java HotSpot(TM) 64-Bit Server VM (24.79-b02 mixed mode windows-amd64 compressed oops)
# Failed to write core dump. Minidumps are not enabled by default on client versions of Windows
#

---------------  T H R E A D  ---------------

Current thread (0x0000000008a0b800):  JavaThread "C2 CompilerThread0" daemon [_thread_in_native, id=180, stack(0x0000000009f70000,0x000000000a070000)]

Stack: [0x0000000009f70000,0x000000000a070000]

Current CompileTask:
C2:   5500  139             com.android.dx.ssa.SsaConverter::placePhiFunctions (394 bytes)


---------------  P R O C E S S  ---------------

Java Threads: ( => current thread )
  0x000000000a462000 JavaThread "pool-2-thread-4" [_thread_in_native, id=5412, stack(0x000000000ab70000,0x000000000ac70000)]
  0x000000000a45f000 JavaThread "pool-2-thread-3" [_thread_in_vm, id=3260, stack(0x000000000aa70000,0x000000000ab70000)]
  0x000000000a45c000 JavaThread "pool-2-thread-2" [_thread_in_Java, id=1192, stack(0x000000000a970000,0x000000000aa70000)]
  0x000000000a45b800 JavaThread "pool-3-thread-1" [_thread_blocked, id=5360, stack(0x000000000a870000,0x000000000a970000)]
  0x000000000a3bc800 JavaThread "pool-2-thread-1" [_thread_in_Java, id=3756, stack(0x000000000a770000,0x000000000a870000)]
  0x0000000008a19800 JavaThread "Service Thread" daemon [_thread_blocked, id=5124, stack(0x000000000a170000,0x000000000a270000)]
  0x0000000008a11000 JavaThread "C2 CompilerThread1" daemon [_thread_in_native, id=3976, stack(0x000000000a070000,0x000000000a170000)]
=>0x0000000008a0b800 JavaThread "C2 CompilerThread0" daemon [_thread_in_native, id=180, stack(0x0000000009f70000,0x000000000a070000)]
  0x0000000008a0a800 JavaThread "Attach Listener" daemon [_thread_blocked, id=5176, stack(0x0000000009e70000,0x0000000009f70000)]
  0x0000000008a07800 JavaThread "Signal Dispatcher" daemon [_thread_blocked, id=6116, stack(0x0000000009d70000,0x0000000009e70000)]
  0x00000000089cf000 JavaThread "Finalizer" daemon [_thread_blocked, id=5500, stack(0x0000000009c70000,0x0000000009d70000)]
  0x00000000089c5000 JavaThread "Reference Handler" daemon [_thread_blocked, id=5824, stack(0x0000000009b70000,0x0000000009c70000)]
  0x0000000002a50800 JavaThread "main" [_thread_in_Java, id=5356, stack(0x0000000002950000,0x0000000002a50000)]

Other Threads:
  0x00000000089c0000 VMThread [stack: 0x0000000009a70000,0x0000000009b70000] [id=156]
  0x0000000008a23000 WatcherThread [stack: 0x000000000a270000,0x000000000a370000] [id=5832]

VM state:not at safepoint (normal execution)

VM Mutex/Monitor currently owned by a thread: None

Heap
 PSYoungGen      total 18944K, used 6183K [0x00000000eaa80000, 0x00000000ecf80000, 0x0000000100000000)
  eden space 16384K, 22% used [0x00000000eaa80000,0x00000000eae11058,0x00000000eba80000)
  from space 2560K, 98% used [0x00000000eba80000,0x00000000ebcf8e58,0x00000000ebd00000)
  to   space 2560K, 0% used [0x00000000ecd00000,0x00000000ecd00000,0x00000000ecf80000)
 ParOldGen       total 41984K, used 1849K [0x00000000c0000000, 0x00000000c2900000, 0x00000000eaa80000)
  object space 41984K, 4% used [0x00000000c0000000,0x00000000c01ce570,0x00000000c2900000)
 PSPermGen       total 21504K, used 5616K [0x00000000bae00000, 0x00000000bc300000, 0x00000000c0000000)
  object space 21504K, 26% used [0x00000000bae00000,0x00000000bb37c1d0,0x00000000bc300000)

Card table byte_map: [0x0000000005c10000,0x0000000005e40000] byte_map_base: 0x0000000005639000

Polling page: 0x00000000028d0000

Code Cache  [0x0000000002b50000, 0x0000000002dc0000, 0x0000000005b50000)
 total_blobs=379 nmethods=142 adapters=189 free_code_cache=48556Kb largest_free_block=49702080

Compilation events (10 events):
Event: 5.485 Thread 0x0000000008a11000 nmethod 137 0x0000000002be7910 code [0x0000000002be7a60, 0x0000000002be7e78]
Event: 5.485 Thread 0x0000000008a11000  140             com.android.dx.rop.code.RegisterSpecList::<init> (6 bytes)
Event: 5.487 Thread 0x0000000008a11000 nmethod 140 0x0000000002be7590 code [0x0000000002be76e0, 0x0000000002be7818]
Event: 5.487 Thread 0x0000000008a11000  141             com.android.dx.rop.code.BasicBlock::getSuccessors (5 bytes)
Event: 5.487 Thread 0x0000000008a11000 nmethod 141 0x0000000002bdfb10 code [0x0000000002bdfc40, 0x0000000002bdfc98]
Event: 5.487 Thread 0x0000000008a11000  142             com.android.dx.util.MutabilityControl::throwIfMutable (18 bytes)
Event: 5.488 Thread 0x0000000008a11000 nmethod 142 0x0000000002be4cd0 code [0x0000000002be4e00, 0x0000000002be4e58]
Event: 5.496 Thread 0x0000000008a11000  143             com.android.dx.util.Bits::set (19 bytes)
Event: 5.497 Thread 0x0000000008a11000 nmethod 143 0x0000000002be7310 code [0x0000000002be7440, 0x0000000002be74d8]
Event: 5.498 Thread 0x0000000008a11000  144             com.android.dx.ssa.DeadCodeRemover::hasSideEffect (11 bytes)

GC Heap History (2 events):
Event: 5.155 GC heap before
{Heap before GC invocations=1 (full 0):
 PSYoungGen      total 18944K, used 16384K [0x00000000eaa80000, 0x00000000ebf80000, 0x0000000100000000)
  eden space 16384K, 100% used [0x00000000eaa80000,0x00000000eba80000,0x00000000eba80000)
  from space 2560K, 0% used [0x00000000ebd00000,0x00000000ebd00000,0x00000000ebf80000)
  to   space 2560K, 0% used [0x00000000eba80000,0x00000000eba80000,0x00000000ebd00000)
 ParOldGen       total 41984K, used 0K [0x00000000c0000000, 0x00000000c2900000, 0x00000000eaa80000)
  object space 41984K, 0% used [0x00000000c0000000,0x00000000c0000000,0x00000000c2900000)
 PSPermGen       total 21504K, used 5572K [0x00000000bae00000, 0x00000000bc300000, 0x00000000c0000000)
  object space 21504K, 25% used [0x00000000bae00000,0x00000000bb3711c8,0x00000000bc300000)
Event: 5.419 GC heap after
Heap after GC invocations=1 (full 0):
 PSYoungGen      total 18944K, used 2531K [0x00000000eaa80000, 0x00000000ecf80000, 0x0000000100000000)
  eden space 16384K, 0% used [0x00000000eaa80000,0x00000000eaa80000,0x00000000eba80000)
  from space 2560K, 98% used [0x00000000eba80000,0x00000000ebcf8e58,0x00000000ebd00000)
  to   space 2560K, 0% used [0x00000000ecd00000,0x00000000ecd00000,0x00000000ecf80000)
 ParOldGen       total 41984K, used 1849K [0x00000000c0000000, 0x00000000c2900000, 0x00000000eaa80000)
  object space 41984K, 4% used [0x00000000c0000000,0x00000000c01ce570,0x00000000c2900000)
 PSPermGen       total 21504K, used 5572K [0x00000000bae00000, 0x00000000bc300000, 0x00000000c0000000)
  object space 21504K, 25% used [0x00000000bae00000,0x00000000bb3711c8,0x00000000bc300000)
}

Deoptimization events (5 events):
Event: 4.374 Thread 0x000000000a462000 Uncommon trap: reason=class_check action=maybe_recompile pc=0x0000000002bbe734 method=com.android.dx.ssa.NormalSsaInsn.accept(Lcom/android/dx/ssa/SsaInsn$Visitor;)V @ 9
Event: 4.375 Thread 0x000000000a462000 Uncommon trap: reason=class_check action=maybe_recompile pc=0x0000000002bbe734 method=com.android.dx.ssa.NormalSsaInsn.accept(Lcom/android/dx/ssa/SsaInsn$Visitor;)V @ 9
Event: 4.375 Thread 0x000000000a462000 Uncommon trap: reason=class_check action=maybe_recompile pc=0x0000000002bbe734 method=com.android.dx.ssa.NormalSsaInsn.accept(Lcom/android/dx/ssa/SsaInsn$Visitor;)V @ 9
Event: 4.376 Thread 0x000000000a462000 Uncommon trap: reason=class_check action=maybe_recompile pc=0x0000000002bbe734 method=com.android.dx.ssa.NormalSsaInsn.accept(Lcom/android/dx/ssa/SsaInsn$Visitor;)V @ 9
Event: 4.806 Thread 0x000000000a45c000 Uncommon trap: reason=null_check action=make_not_entrant pc=0x0000000002bcec88 method=com.android.dx.rop.code.LocalItem.equals(Ljava/lang/Object;)Z @ 1

Internal exceptions (10 events):
Event: 3.811 Thread 0x000000000a3bc800 Threw 0x00000000eb2e75e0 at C:\re\jdk7u79\2331\hotspot\src\share\vm\prims\jvm.cpp:1304
Event: 3.812 Thread 0x000000000a462000 Threw 0x00000000eb1d0b30 at C:\re\jdk7u79\2331\hotspot\src\share\vm\prims\jvm.cpp:1304
Event: 3.832 Thread 0x0000000002a50800 Threw 0x00000000eae52ec0 at C:\re\jdk7u79\2331\hotspot\src\share\vm\prims\jvm.cpp:1304
Event: 3.834 Thread 0x0000000002a50800 Threw 0x00000000eae5cac0 at C:\re\jdk7u79\2331\hotspot\src\share\vm\prims\jvm.cpp:1304
Event: 3.834 Thread 0x0000000002a50800 Threw 0x00000000eb376e98 at C:\re\jdk7u79\2331\hotspot\src\share\vm\prims\jvm.cpp:1304
Event: 4.148 Thread 0x0000000002a50800 Threw 0x00000000eb51d7a0 at C:\re\jdk7u79\2331\hotspot\src\share\vm\prims\jvm.cpp:1304
Event: 4.391 Thread 0x000000000a462000 Threw 0x00000000eb57c7f8 at C:\re\jdk7u79\2331\hotspot\src\share\vm\prims\jvm.cpp:1304
Event: 4.806 Thread 0x000000000a45c000 Implicit null exception at 0x0000000002bce92f to 0x0000000002bcec75
Event: 4.938 Thread 0x0000000002a50800 Threw 0x00000000eb7766c0 at C:\re\jdk7u79\2331\hotspot\src\share\vm\prims\jvm.cpp:1304
Event: 4.939 Thread 0x0000000002a50800 Threw 0x00000000eb778928 at C:\re\jdk7u79\2331\hotspot\src\share\vm\prims\jvm.cpp:1304

Events (10 events):
Event: 4.938 loading class 0x000000000a3b2d60
Event: 4.938 loading class 0x000000000a3b2d60 done
Event: 4.938 loading class 0x0000000008a503e0
Event: 4.939 loading class 0x0000000008a503e0 done
Event: 5.037 loading class 0x0000000008a2bc10
Event: 5.038 loading class 0x0000000008a2bc10 done
Event: 5.038 loading class 0x0000000008a2bbe0
Event: 5.042 loading class 0x0000000008a2bbe0 done
Event: 5.051 Executing VM operation: ParallelGCFailedAllocation
Event: 5.419 Executing VM operation: ParallelGCFailedAllocation done


Dynamic libraries:
0x00007ff6da430000 - 0x00007ff6da463000 	C:\Program Files\Java\jdk1.7.0_79\bin\java.exe
0x00007ffde22b0000 - 0x00007ffde245c000 	C:\Windows\SYSTEM32\ntdll.dll
0x00007ffde1ac0000 - 0x00007ffde1bfe000 	C:\Windows\system32\KERNEL32.DLL
0x00007ffddf810000 - 0x00007ffddf925000 	C:\Windows\system32\KERNELBASE.dll
0x00007ffdddfa0000 - 0x00007ffdde02e000 	C:\Windows\system32\apphelp.dll
0x00007ffdda170000 - 0x00007ffdda1c3000 	C:\Windows\AppPatch\AppPatch64\AcGenral.DLL
0x00007ffde10e0000 - 0x00007ffde118a000 	C:\Windows\system32\msvcrt.dll
0x00007ffddf2a0000 - 0x00007ffddf2ce000 	C:\Windows\SYSTEM32\SspiCli.dll
0x00007ffde1c20000 - 0x00007ffde1c74000 	C:\Windows\system32\SHLWAPI.dll
0x00007ffde1d30000 - 0x00007ffde1ea7000 	C:\Windows\system32\USER32.dll
0x00007ffde1920000 - 0x00007ffde1ab4000 	C:\Windows\system32\ole32.dll
0x00007ffddfa00000 - 0x00007ffde0f18000 	C:\Windows\system32\SHELL32.dll
0x00007ffddea20000 - 0x00007ffddea41000 	C:\Windows\SYSTEM32\USERENV.dll
0x00007ffde1c80000 - 0x00007ffde1d2a000 	C:\Windows\system32\ADVAPI32.dll
0x00007ffdd2680000 - 0x00007ffdd269e000 	C:\Windows\SYSTEM32\MPR.dll
0x00007ffde13e0000 - 0x00007ffde1521000 	C:\Windows\system32\RPCRT4.dll
0x00007ffde1530000 - 0x00007ffde1589000 	C:\Windows\SYSTEM32\sechost.dll
0x00007ffde16c0000 - 0x00007ffde18d1000 	C:\Windows\SYSTEM32\combase.dll
0x00007ffde1f70000 - 0x00007ffde20c1000 	C:\Windows\system32\GDI32.dll
0x00007ffddf400000 - 0x00007ffddf415000 	C:\Windows\SYSTEM32\profapi.dll
0x00007ffddd950000 - 0x00007ffddda02000 	C:\Windows\SYSTEM32\SHCORE.dll
0x00007ffde18e0000 - 0x00007ffde1916000 	C:\Windows\system32\IMM32.DLL
0x00007ffde1260000 - 0x00007ffde13b2000 	C:\Windows\system32\MSCTF.dll
0x00007ffddd030000 - 0x00007ffddd2ab000 	C:\Windows\WinSxS\amd64_microsoft.windows.common-controls_6595b64144ccf1df_6.0.9600.17784_none_624760d1ecb7236e\COMCTL32.dll
0x0000000071b50000 - 0x0000000071c22000 	C:\Program Files\Java\jdk1.7.0_79\jre\bin\msvcr100.dll
0x0000000073e30000 - 0x0000000074605000 	C:\Program Files\Java\jdk1.7.0_79\jre\bin\server\jvm.dll
0x00007ffdd6a40000 - 0x00007ffdd6a49000 	C:\Windows\SYSTEM32\WSOCK32.dll
0x00007ffddb930000 - 0x00007ffddb952000 	C:\Windows\SYSTEM32\WINMM.dll
0x00007ffde13d0000 - 0x00007ffde13d7000 	C:\Windows\system32\PSAPI.DLL
0x00007ffde11f0000 - 0x00007ffde124a000 	C:\Windows\system32\WS2_32.dll
0x00007ffddb880000 - 0x00007ffddb8aa000 	C:\Windows\SYSTEM32\WINMMBASE.dll
0x00007ffde10d0000 - 0x00007ffde10d9000 	C:\Windows\system32\NSI.dll
0x00007ffddf4d0000 - 0x00007ffddf51f000 	C:\Windows\SYSTEM32\cfgmgr32.dll
0x00007ffdde1f0000 - 0x00007ffdde218000 	C:\Windows\SYSTEM32\DEVOBJ.dll
0x0000000073e20000 - 0x0000000073e2f000 	C:\Program Files\Java\jdk1.7.0_79\jre\bin\verify.dll
0x0000000073df0000 - 0x0000000073e18000 	C:\Program Files\Java\jdk1.7.0_79\jre\bin\java.dll
0x0000000073dd0000 - 0x0000000073de5000 	C:\Program Files\Java\jdk1.7.0_79\jre\bin\zip.dll
0x0000000073db0000 - 0x0000000073dca000 	C:\Program Files\Java\jdk1.7.0_79\jre\bin\net.dll
0x00007ffddece0000 - 0x00007ffdded39000 	C:\Windows\system32\mswsock.dll
0x0000000073d90000 - 0x0000000073da1000 	C:\Program Files\Java\jdk1.7.0_79\jre\bin\nio.dll

VM Arguments:
jvm_args: -Djava.awt.headless=true -Xmx1024M -Dfile.encoding=windows-1251 -Duser.country=RU -Duser.language=ru -Duser.variant 
java_command: com.android.dx.command.Main --dex --force-jumbo --num-threads=4 --multi-dex --output E:\android\myApp\TheMovieDB\app\build\intermediates\transforms\dex\debug\folders\1000\10\picasso-2.5.2_b0f631b192fa3ed7d0f2d82a55c55d688b47ee67 C:\Users\Yury\.gradle\caches\modules-2\files-2.1\com.squareup.picasso\picasso\2.5.2\7446d06ec8d4f7ffcc53f1da37c95f200dcb9387\picasso-2.5.2.jar
Launcher Type: SUN_STANDARD

Environment Variables:
PATH=C:\Program Files (x86)\NVIDIA Corporation\PhysX\Common;C:\Windows\system32;C:\Windows;C:\Windows\System32\Wbem;C:\Windows\System32\WindowsPowerShell\v1.0\;C:\Program Files\Git\cmd;C:\Program Files (x86)\Skype\Phone\
USERNAME=Yury
OS=Windows_NT
PROCESSOR_IDENTIFIER=Intel64 Family 6 Model 37 Stepping 2, GenuineIntel



---------------  S Y S T E M  ---------------

OS: Windows 8.1 , 64 bit Build 9600 

CPU:total 4 (2 cores per cpu, 2 threads per core) family 6 model 37 stepping 2, cmov, cx8, fxsr, mmx, sse, sse2, sse3, ssse3, sse4.1, sse4.2, popcnt, ht, tsc, tscinvbit

Memory: 4k page, physical 4053768k(508216k free), swap 7199496k(5132k free)

vm_info: Java HotSpot(TM) 64-Bit Server VM (24.79-b02) for windows-amd64 JRE (1.7.0_79-b15), built on Apr 10 2015 12:36:16 by "java_re" with unknown MS VC++:1600

time: Mon Apr 11 19:40:40 2016
elapsed time: 5 seconds

