#
# There is insufficient memory for the Java Runtime Environment to continue.
# Native memory allocation (malloc) failed to allocate 1258704 bytes for Chunk::new
# Possible reasons:
#   The system is out of physical RAM or swap space
#   In 32 bit mode, the process size limit was hit
# Possible solutions:
#   Reduce memory load on the system
#   Increase physical memory or swap space
#   Check if swap backing store is full
#   Use 64 bit Java on a 64 bit OS
#   Decrease Java heap size (-Xmx/-Xms)
#   Decrease number of Java threads
#   Decrease Java thread stack sizes (-Xss)
#   Set larger code cache with -XX:ReservedCodeCacheSize=
# This output file may be truncated or incomplete.
#
#  Out of Memory Error (allocation.cpp:323), pid=5584, tid=4288
#
# JRE version: Java(TM) SE Runtime Environment (7.0_79-b15) (build 1.7.0_79-b15)
# Java VM: Java HotSpot(TM) 64-Bit Server VM (24.79-b02 mixed mode windows-amd64 compressed oops)
# Failed to write core dump. Minidumps are not enabled by default on client versions of Windows
#

---------------  T H R E A D  ---------------

Current thread (0x0000000007de3800):  JavaThread "C2 CompilerThread0" daemon [_thread_in_native, id=4288, stack(0x0000000009360000,0x0000000009460000)]

Stack: [0x0000000009360000,0x0000000009460000]

Current CompileTask:
C2:   7820  416   !         com.android.dx.cf.code.BytecodeArray::parseInstruction (2764 bytes)


---------------  P R O C E S S  ---------------

Java Threads: ( => current thread )
  0x0000000009940800 JavaThread "pool-2-thread-4" [_thread_in_Java, id=5784, stack(0x0000000009f60000,0x000000000a060000)]
  0x000000000993f800 JavaThread "pool-2-thread-3" [_thread_blocked, id=2036, stack(0x0000000009e60000,0x0000000009f60000)]
  0x000000000993d000 JavaThread "pool-2-thread-2" [_thread_blocked, id=3468, stack(0x0000000009d60000,0x0000000009e60000)]
  0x0000000009943800 JavaThread "pool-3-thread-1" [_thread_blocked, id=2908, stack(0x0000000009c60000,0x0000000009d60000)]
  0x000000000994c800 JavaThread "pool-2-thread-1" [_thread_blocked, id=6028, stack(0x0000000009b60000,0x0000000009c60000)]
  0x0000000007df3800 JavaThread "Service Thread" daemon [_thread_blocked, id=5528, stack(0x0000000009560000,0x0000000009660000)]
  0x0000000007ded800 JavaThread "C2 CompilerThread1" daemon [_thread_in_native, id=1884, stack(0x0000000009460000,0x0000000009560000)]
=>0x0000000007de3800 JavaThread "C2 CompilerThread0" daemon [_thread_in_native, id=4288, stack(0x0000000009360000,0x0000000009460000)]
  0x0000000007de2800 JavaThread "Attach Listener" daemon [_thread_blocked, id=5668, stack(0x0000000009260000,0x0000000009360000)]
  0x0000000007ddf800 JavaThread "Signal Dispatcher" daemon [_thread_blocked, id=4380, stack(0x0000000009160000,0x0000000009260000)]
  0x0000000007daf000 JavaThread "Finalizer" daemon [_thread_blocked, id=5244, stack(0x0000000009060000,0x0000000009160000)]
  0x0000000007da5000 JavaThread "Reference Handler" daemon [_thread_blocked, id=2088, stack(0x0000000008f60000,0x0000000009060000)]
  0x0000000001e50800 JavaThread "main" [_thread_in_Java, id=620, stack(0x0000000001d50000,0x0000000001e50000)]

Other Threads:
  0x0000000007da0000 VMThread [stack: 0x0000000008e60000,0x0000000008f60000] [id=5648]
  0x0000000007e01000 WatcherThread [stack: 0x0000000009660000,0x0000000009760000] [id=1808]

VM state:not at safepoint (normal execution)

VM Mutex/Monitor currently owned by a thread: None

Heap
 PSYoungGen      total 35328K, used 33071K [0x00000000eaa80000, 0x00000000ecf80000, 0x0000000100000000)
  eden space 32768K, 93% used [0x00000000eaa80000,0x00000000ec852558,0x00000000eca80000)
  from space 2560K, 98% used [0x00000000ecd00000,0x00000000ecf798e8,0x00000000ecf80000)
  to   space 2560K, 0% used [0x00000000eca80000,0x00000000eca80000,0x00000000ecd00000)
 ParOldGen       total 41984K, used 10596K [0x00000000c0000000, 0x00000000c2900000, 0x00000000eaa80000)
  object space 41984K, 25% used [0x00000000c0000000,0x00000000c0a59018,0x00000000c2900000)
 PSPermGen       total 21504K, used 5838K [0x00000000bae00000, 0x00000000bc300000, 0x00000000c0000000)
  object space 21504K, 27% used [0x00000000bae00000,0x00000000bb3b39a8,0x00000000bc300000)

Card table byte_map: [0x0000000005010000,0x0000000005240000] byte_map_base: 0x0000000004a39000

Polling page: 0x0000000000550000

Code Cache  [0x0000000001f50000, 0x00000000021c0000, 0x0000000004f50000)
 total_blobs=673 nmethods=437 adapters=189 free_code_cache=47321Kb largest_free_block=48425472

Compilation events (10 events):
Event: 7.779 Thread 0x0000000007ded800 nmethod 435 0x0000000002109a10 code [0x0000000002109b40, 0x0000000002109b98]
Event: 7.779 Thread 0x0000000007ded800  436             com.android.dx.rop.code.InsnList::<init> (6 bytes)
Event: 7.780 Thread 0x0000000007ded800 nmethod 436 0x0000000002109690 code [0x00000000021097e0, 0x0000000002109918]
Event: 7.780 Thread 0x0000000007ded800  437             com.android.dx.cf.code.Merger::isPossiblyAssignableFrom (202 bytes)
Event: 7.794 Thread 0x0000000007ded800 nmethod 437 0x0000000002114c50 code [0x0000000002114e20, 0x0000000002115490]
Event: 7.794 Thread 0x0000000007ded800  438             com.android.dx.rop.code.Insn$BaseVisitor::visitPlainInsn (1 bytes)
Event: 7.794 Thread 0x0000000007ded800 nmethod 438 0x0000000002114a50 code [0x0000000002114b80, 0x0000000002114bd8]
Event: 7.794 Thread 0x0000000007ded800  439             com.android.dx.dex.code.RopTranslator$LocalVariableAwareTranslationVisitor::visitPlainInsn (11 bytes)
Event: 7.805 Thread 0x0000000007ded800 nmethod 439 0x000000000211b290 code [0x000000000211b440, 0x000000000211b920]
Event: 7.805 Thread 0x0000000007ded800  440             com.android.dx.dex.code.RopTranslator$TranslationVisitor::visitPlainInsn (161 bytes)

GC Heap History (8 events):
Event: 3.863 GC heap before
{Heap before GC invocations=1 (full 0):
 PSYoungGen      total 18944K, used 16384K [0x00000000eaa80000, 0x00000000ebf80000, 0x0000000100000000)
  eden space 16384K, 100% used [0x00000000eaa80000,0x00000000eba80000,0x00000000eba80000)
  from space 2560K, 0% used [0x00000000ebd00000,0x00000000ebd00000,0x00000000ebf80000)
  to   space 2560K, 0% used [0x00000000eba80000,0x00000000eba80000,0x00000000ebd00000)
 ParOldGen       total 41984K, used 0K [0x00000000c0000000, 0x00000000c2900000, 0x00000000eaa80000)
  object space 41984K, 0% used [0x00000000c0000000,0x00000000c0000000,0x00000000c2900000)
 PSPermGen       total 21504K, used 5598K [0x00000000bae00000, 0x00000000bc300000, 0x00000000c0000000)
  object space 21504K, 26% used [0x00000000bae00000,0x00000000bb377868,0x00000000bc300000)
Event: 3.886 GC heap after
Heap after GC invocations=1 (full 0):
 PSYoungGen      total 18944K, used 2538K [0x00000000eaa80000, 0x00000000ebf80000, 0x0000000100000000)
  eden space 16384K, 0% used [0x00000000eaa80000,0x00000000eaa80000,0x00000000eba80000)
  from space 2560K, 99% used [0x00000000eba80000,0x00000000ebcfaaa8,0x00000000ebd00000)
  to   space 2560K, 0% used [0x00000000ebd00000,0x00000000ebd00000,0x00000000ebf80000)
 ParOldGen       total 41984K, used 1842K [0x00000000c0000000, 0x00000000c2900000, 0x00000000eaa80000)
  object space 41984K, 4% used [0x00000000c0000000,0x00000000c01ccae8,0x00000000c2900000)
 PSPermGen       total 21504K, used 5598K [0x00000000bae00000, 0x00000000bc300000, 0x00000000c0000000)
  object space 21504K, 26% used [0x00000000bae00000,0x00000000bb377868,0x00000000bc300000)
}
Event: 5.012 GC heap before
{Heap before GC invocations=2 (full 0):
 PSYoungGen      total 18944K, used 18922K [0x00000000eaa80000, 0x00000000ebf80000, 0x0000000100000000)
  eden space 16384K, 100% used [0x00000000eaa80000,0x00000000eba80000,0x00000000eba80000)
  from space 2560K, 99% used [0x00000000eba80000,0x00000000ebcfaaa8,0x00000000ebd00000)
  to   space 2560K, 0% used [0x00000000ebd00000,0x00000000ebd00000,0x00000000ebf80000)
 ParOldGen       total 41984K, used 1842K [0x00000000c0000000, 0x00000000c2900000, 0x00000000eaa80000)
  object space 41984K, 4% used [0x00000000c0000000,0x00000000c01ccae8,0x00000000c2900000)
 PSPermGen       total 21504K, used 5754K [0x00000000bae00000, 0x00000000bc300000, 0x00000000c0000000)
  object space 21504K, 26% used [0x00000000bae00000,0x00000000bb39ebc0,0x00000000bc300000)
Event: 5.244 GC heap after
Heap after GC invocations=2 (full 0):
 PSYoungGen      total 18944K, used 2544K [0x00000000eaa80000, 0x00000000ecf80000, 0x0000000100000000)
  eden space 16384K, 0% used [0x00000000eaa80000,0x00000000eaa80000,0x00000000eba80000)
  from space 2560K, 99% used [0x00000000ebd00000,0x00000000ebf7c010,0x00000000ebf80000)
  to   space 2560K, 0% used [0x00000000eba80000,0x00000000eba80000,0x00000000ebd00000)
 ParOldGen       total 41984K, used 4638K [0x00000000c0000000, 0x00000000c2900000, 0x00000000eaa80000)
  object space 41984K, 11% used [0x00000000c0000000,0x00000000c0487aa0,0x00000000c2900000)
 PSPermGen       total 21504K, used 5754K [0x00000000bae00000, 0x00000000bc300000, 0x00000000c0000000)
  object space 21504K, 26% used [0x00000000bae00000,0x00000000bb39ebc0,0x00000000bc300000)
}
Event: 6.040 GC heap before
{Heap before GC invocations=3 (full 0):
 PSYoungGen      total 18944K, used 18928K [0x00000000eaa80000, 0x00000000ecf80000, 0x0000000100000000)
  eden space 16384K, 100% used [0x00000000eaa80000,0x00000000eba80000,0x00000000eba80000)
  from space 2560K, 99% used [0x00000000ebd00000,0x00000000ebf7c010,0x00000000ebf80000)
  to   space 2560K, 0% used [0x00000000eba80000,0x00000000eba80000,0x00000000ebd00000)
 ParOldGen       total 41984K, used 4638K [0x00000000c0000000, 0x00000000c2900000, 0x00000000eaa80000)
  object space 41984K, 11% used [0x00000000c0000000,0x00000000c0487aa0,0x00000000c2900000)
 PSPermGen       total 21504K, used 5792K [0x00000000bae00000, 0x00000000bc300000, 0x00000000c0000000)
  object space 21504K, 26% used [0x00000000bae00000,0x00000000bb3a8138,0x00000000bc300000)
Event: 6.122 GC heap after
Heap after GC invocations=3 (full 0):
 PSYoungGen      total 18944K, used 2534K [0x00000000eaa80000, 0x00000000ecf80000, 0x0000000100000000)
  eden space 16384K, 0% used [0x00000000eaa80000,0x00000000eaa80000,0x00000000eba80000)
  from space 2560K, 98% used [0x00000000eba80000,0x00000000ebcf98d8,0x00000000ebd00000)
  to   space 2560K, 0% used [0x00000000ecd00000,0x00000000ecd00000,0x00000000ecf80000)
 ParOldGen       total 41984K, used 7741K [0x00000000c0000000, 0x00000000c2900000, 0x00000000eaa80000)
  object space 41984K, 18% used [0x00000000c0000000,0x00000000c078f5d8,0x00000000c2900000)
 PSPermGen       total 21504K, used 5792K [0x00000000bae00000, 0x00000000bc300000, 0x00000000c0000000)
  object space 21504K, 26% used [0x00000000bae00000,0x00000000bb3a8138,0x00000000bc300000)
}
Event: 6.809 GC heap before
{Heap before GC invocations=4 (full 0):
 PSYoungGen      total 18944K, used 18918K [0x00000000eaa80000, 0x00000000ecf80000, 0x0000000100000000)
  eden space 16384K, 100% used [0x00000000eaa80000,0x00000000eba80000,0x00000000eba80000)
  from space 2560K, 98% used [0x00000000eba80000,0x00000000ebcf98d8,0x00000000ebd00000)
  to   space 2560K, 0% used [0x00000000ecd00000,0x00000000ecd00000,0x00000000ecf80000)
 ParOldGen       total 41984K, used 7741K [0x00000000c0000000, 0x00000000c2900000, 0x00000000eaa80000)
  object space 41984K, 18% used [0x00000000c0000000,0x00000000c078f5d8,0x00000000c2900000)
 PSPermGen       total 21504K, used 5815K [0x00000000bae00000, 0x00000000bc300000, 0x00000000c0000000)
  object space 21504K, 27% used [0x00000000bae00000,0x00000000bb3ade90,0x00000000bc300000)
Event: 6.909 GC heap after
Heap after GC invocations=4 (full 0):
 PSYoungGen      total 35328K, used 2534K [0x00000000eaa80000, 0x00000000ecf80000, 0x0000000100000000)
  eden space 32768K, 0% used [0x00000000eaa80000,0x00000000eaa80000,0x00000000eca80000)
  from space 2560K, 98% used [0x00000000ecd00000,0x00000000ecf798e8,0x00000000ecf80000)
  to   space 2560K, 0% used [0x00000000eca80000,0x00000000eca80000,0x00000000ecd00000)
 ParOldGen       total 41984K, used 10596K [0x00000000c0000000, 0x00000000c2900000, 0x00000000eaa80000)
  object space 41984K, 25% used [0x00000000c0000000,0x00000000c0a59018,0x00000000c2900000)
 PSPermGen       total 21504K, used 5815K [0x00000000bae00000, 0x00000000bc300000, 0x00000000c0000000)
  object space 21504K, 27% used [0x00000000bae00000,0x00000000bb3ade90,0x00000000bc300000)
}

Deoptimization events (10 events):
Event: 6.634 Thread 0x000000000993d000 Uncommon trap: reason=bimorphic action=maybe_recompile pc=0x00000000020ba710 method=com.android.dx.cf.code.BytecodeArray.parseInstruction(ILcom/android/dx/cf/code/BytecodeArray$Visitor;)I @ 2484
Event: 6.634 Thread 0x000000000993d000 Uncommon trap: reason=bimorphic action=maybe_recompile pc=0x00000000020ba710 method=com.android.dx.cf.code.BytecodeArray.parseInstruction(ILcom/android/dx/cf/code/BytecodeArray$Visitor;)I @ 2484
Event: 6.644 Thread 0x0000000001e50800 Uncommon trap: reason=unloaded action=reinterpret pc=0x0000000002091eac method=com.android.dx.cf.cst.ConstantPoolParser.parse0(ILjava/util/BitSet;)Lcom/android/dx/rop/cst/Constant; @ 220
Event: 6.650 Thread 0x000000000994c800 Uncommon trap: reason=class_check action=maybe_recompile pc=0x000000000205f20c method=com.android.dx.cf.code.Ropper.processBlock(Lcom/android/dx/cf/code/ByteBlock;Lcom/android/dx/cf/code/Frame;[I)V @ 777
Event: 6.650 Thread 0x000000000994c800 Uncommon trap: reason=class_check action=maybe_recompile pc=0x000000000205f20c method=com.android.dx.cf.code.Ropper.processBlock(Lcom/android/dx/cf/code/ByteBlock;Lcom/android/dx/cf/code/Frame;[I)V @ 777
Event: 6.668 Thread 0x0000000009940800 Uncommon trap: reason=bimorphic action=maybe_recompile pc=0x000000000207ca7c method=com.android.dx.ssa.LiteralOpUpgrader.tryReplacingWithConstant(Lcom/android/dx/ssa/NormalSsaInsn;)Z @ 52
Event: 6.920 Thread 0x0000000009940800 Uncommon trap: reason=unreached action=reinterpret pc=0x00000000020289e0 method=com.android.dx.rop.code.LocalVariableExtractor.processBlock(I)V @ 195
Event: 6.932 Thread 0x000000000993d000 Uncommon trap: reason=class_check action=maybe_recompile pc=0x000000000205f20c method=com.android.dx.cf.code.Ropper.processBlock(Lcom/android/dx/cf/code/ByteBlock;Lcom/android/dx/cf/code/Frame;[I)V @ 777
Event: 7.165 Thread 0x000000000993f800 Uncommon trap: reason=unreached action=reinterpret pc=0x000000000204072c method=com.android.dx.rop.code.LocalItem.compareHandlesNulls(Lcom/android/dx/rop/cst/CstString;Lcom/android/dx/rop/cst/CstString;)I @ 14
Event: 7.166 Thread 0x000000000993f800 Uncommon trap: reason=unreached action=reinterpret pc=0x00000000020a61fc method=com.android.dx.rop.code.LocalItem.compareHandlesNulls(Lcom/android/dx/rop/cst/CstString;Lcom/android/dx/rop/cst/CstString;)I @ 14

Internal exceptions (10 events):
Event: 3.637 Thread 0x0000000001e50800 Threw 0x00000000eb7f2020 at C:\re\jdk7u79\2331\hotspot\src\share\vm\prims\jvm.cpp:1304
Event: 3.850 Thread 0x0000000009940800 Threw 0x00000000eb87d1d8 at C:\re\jdk7u79\2331\hotspot\src\share\vm\prims\jvm.cpp:1304
Event: 3.918 Thread 0x0000000001e50800 Implicit null exception at 0x0000000001fe8267 to 0x0000000001fe8965
Event: 3.935 Thread 0x000000000993d000 Threw 0x00000000eabea450 at C:\re\jdk7u79\2331\hotspot\src\share\vm\prims\jvm.cpp:1304
Event: 4.346 Thread 0x0000000001e50800 Implicit null exception at 0x0000000002008f4a to 0x000000000200a2e9
Event: 4.358 Thread 0x0000000001e50800 Implicit null exception at 0x000000000200e6e2 to 0x000000000200f681
Event: 6.957 Thread 0x0000000001e50800 Threw 0x00000000eb05ce28 at C:\re\jdk7u79\2331\hotspot\src\share\vm\prims\jvm.cpp:1304
Event: 7.165 Thread 0x000000000993f800 Implicit null exception at 0x000000000203f77d to 0x00000000020406f5
Event: 7.166 Thread 0x000000000993f800 Implicit null exception at 0x00000000020a60dc to 0x00000000020a61e9
Event: 7.462 Thread 0x0000000009940800 Threw 0x00000000ebcf6338 at C:\re\jdk7u79\2331\hotspot\src\share\vm\prims\jvm.cpp:1304

Events (10 events):
Event: 6.957 loading class 0x00000000097a2220 done
Event: 7.010 Thread 0x0000000007ded800 flushing nmethod 0x0000000001fcdad0
Event: 7.165 Thread 0x000000000993f800 Uncommon trap: trap_request=0xffffffad fr.pc=0x000000000204072c
Event: 7.165 Thread 0x000000000993f800 DEOPT PACKING pc=0x000000000204072c sp=0x0000000009f5f010
Event: 7.165 Thread 0x000000000993f800 DEOPT UNPACKING pc=0x0000000001f89064 sp=0x0000000009f5ede0 mode 2
Event: 7.166 Thread 0x000000000993f800 Uncommon trap: trap_request=0xffffffad fr.pc=0x00000000020a61fc
Event: 7.166 Thread 0x000000000993f800 DEOPT PACKING pc=0x00000000020a61fc sp=0x0000000009f5ee00
Event: 7.166 Thread 0x000000000993f800 DEOPT UNPACKING pc=0x0000000001f89064 sp=0x0000000009f5eda8 mode 2
Event: 7.461 loading class 0x00000000098bf230
Event: 7.461 loading class 0x00000000098bf230 done


Dynamic libraries:
0x00007ff6da430000 - 0x00007ff6da463000 	C:\Program Files\Java\jdk1.7.0_79\bin\java.exe
0x00007ffde22b0000 - 0x00007ffde245c000 	C:\Windows\SYSTEM32\ntdll.dll
0x00007ffde1ac0000 - 0x00007ffde1bfe000 	C:\Windows\system32\KERNEL32.DLL
0x00007ffddf810000 - 0x00007ffddf925000 	C:\Windows\system32\KERNELBASE.dll
0x00007ffdddfa0000 - 0x00007ffdde02e000 	C:\Windows\system32\apphelp.dll
0x00007ffdda170000 - 0x00007ffdda1c3000 	C:\Windows\AppPatch\AppPatch64\AcGenral.DLL
0x00007ffde10e0000 - 0x00007ffde118a000 	C:\Windows\system32\msvcrt.dll
0x00007ffddf2a0000 - 0x00007ffddf2ce000 	C:\Windows\SYSTEM32\SspiCli.dll
0x00007ffde1c20000 - 0x00007ffde1c74000 	C:\Windows\system32\SHLWAPI.dll
0x00007ffde1d30000 - 0x00007ffde1ea7000 	C:\Windows\system32\USER32.dll
0x00007ffde1920000 - 0x00007ffde1ab4000 	C:\Windows\system32\ole32.dll
0x00007ffddfa00000 - 0x00007ffde0f18000 	C:\Windows\system32\SHELL32.dll
0x00007ffddea20000 - 0x00007ffddea41000 	C:\Windows\SYSTEM32\USERENV.dll
0x00007ffde1c80000 - 0x00007ffde1d2a000 	C:\Windows\system32\ADVAPI32.dll
0x00007ffdd2680000 - 0x00007ffdd269e000 	C:\Windows\SYSTEM32\MPR.dll
0x00007ffde13e0000 - 0x00007ffde1521000 	C:\Windows\system32\RPCRT4.dll
0x00007ffde1530000 - 0x00007ffde1589000 	C:\Windows\SYSTEM32\sechost.dll
0x00007ffde16c0000 - 0x00007ffde18d1000 	C:\Windows\SYSTEM32\combase.dll
0x00007ffde1f70000 - 0x00007ffde20c1000 	C:\Windows\system32\GDI32.dll
0x00007ffddf400000 - 0x00007ffddf415000 	C:\Windows\SYSTEM32\profapi.dll
0x00007ffddd950000 - 0x00007ffddda02000 	C:\Windows\SYSTEM32\SHCORE.dll
0x00007ffde18e0000 - 0x00007ffde1916000 	C:\Windows\system32\IMM32.DLL
0x00007ffde1260000 - 0x00007ffde13b2000 	C:\Windows\system32\MSCTF.dll
0x00007ffddd030000 - 0x00007ffddd2ab000 	C:\Windows\WinSxS\amd64_microsoft.windows.common-controls_6595b64144ccf1df_6.0.9600.17784_none_624760d1ecb7236e\COMCTL32.dll
0x0000000071b50000 - 0x0000000071c22000 	C:\Program Files\Java\jdk1.7.0_79\jre\bin\msvcr100.dll
0x0000000073e30000 - 0x0000000074605000 	C:\Program Files\Java\jdk1.7.0_79\jre\bin\server\jvm.dll
0x00007ffdd6a40000 - 0x00007ffdd6a49000 	C:\Windows\SYSTEM32\WSOCK32.dll
0x00007ffddb930000 - 0x00007ffddb952000 	C:\Windows\SYSTEM32\WINMM.dll
0x00007ffde13d0000 - 0x00007ffde13d7000 	C:\Windows\system32\PSAPI.DLL
0x00007ffde11f0000 - 0x00007ffde124a000 	C:\Windows\system32\WS2_32.dll
0x00007ffddb880000 - 0x00007ffddb8aa000 	C:\Windows\SYSTEM32\WINMMBASE.dll
0x00007ffde10d0000 - 0x00007ffde10d9000 	C:\Windows\system32\NSI.dll
0x00007ffddf4d0000 - 0x00007ffddf51f000 	C:\Windows\SYSTEM32\cfgmgr32.dll
0x00007ffdde1f0000 - 0x00007ffdde218000 	C:\Windows\SYSTEM32\DEVOBJ.dll
0x0000000073e20000 - 0x0000000073e2f000 	C:\Program Files\Java\jdk1.7.0_79\jre\bin\verify.dll
0x0000000073df0000 - 0x0000000073e18000 	C:\Program Files\Java\jdk1.7.0_79\jre\bin\java.dll
0x0000000073dd0000 - 0x0000000073de5000 	C:\Program Files\Java\jdk1.7.0_79\jre\bin\zip.dll
0x0000000073db0000 - 0x0000000073dca000 	C:\Program Files\Java\jdk1.7.0_79\jre\bin\net.dll
0x00007ffddece0000 - 0x00007ffdded39000 	C:\Windows\system32\mswsock.dll
0x0000000073d90000 - 0x0000000073da1000 	C:\Program Files\Java\jdk1.7.0_79\jre\bin\nio.dll

VM Arguments:
jvm_args: -Djava.awt.headless=true -Xmx1024M -Dfile.encoding=windows-1251 -Duser.country=RU -Duser.language=ru -Duser.variant 
java_command: com.android.dx.command.Main --dex --force-jumbo --num-threads=4 --multi-dex --output E:\android\myApp\TheMovieDB\app\build\intermediates\transforms\dex\debug\folders\1000\10\com.android.support-design-23.2.1_2cc9718b1007dbd2b6b54e219f0de35ef5626f1f E:\android\myApp\TheMovieDB\app\build\intermediates\exploded-aar\com.android.support\design\23.2.1\jars\classes.jar
Launcher Type: SUN_STANDARD

Environment Variables:
PATH=C:\Program Files (x86)\NVIDIA Corporation\PhysX\Common;C:\Windows\system32;C:\Windows;C:\Windows\System32\Wbem;C:\Windows\System32\WindowsPowerShell\v1.0\;C:\Program Files\Git\cmd;C:\Program Files (x86)\Skype\Phone\
USERNAME=Yury
OS=Windows_NT
PROCESSOR_IDENTIFIER=Intel64 Family 6 Model 37 Stepping 2, GenuineIntel



---------------  S Y S T E M  ---------------

OS: Windows 8.1 , 64 bit Build 9600 

CPU:total 4 (2 cores per cpu, 2 threads per core) family 6 model 37 stepping 2, cmov, cx8, fxsr, mmx, sse, sse2, sse3, ssse3, sse4.1, sse4.2, popcnt, ht, tsc, tscinvbit

Memory: 4k page, physical 4053768k(508804k free), swap 7199496k(6068k free)

vm_info: Java HotSpot(TM) 64-Bit Server VM (24.79-b02) for windows-amd64 JRE (1.7.0_79-b15), built on Apr 10 2015 12:36:16 by "java_re" with unknown MS VC++:1600

time: Mon Apr 11 19:40:40 2016
elapsed time: 7 seconds

