#
# There is insufficient memory for the Java Runtime Environment to continue.
# Native memory allocation (malloc) failed to allocate 65552 bytes for Chunk::new
# Possible reasons:
#   The system is out of physical RAM or swap space
#   In 32 bit mode, the process size limit was hit
# Possible solutions:
#   Reduce memory load on the system
#   Increase physical memory or swap space
#   Check if swap backing store is full
#   Use 64 bit Java on a 64 bit OS
#   Decrease Java heap size (-Xmx/-Xms)
#   Decrease number of Java threads
#   Decrease Java thread stack sizes (-Xss)
#   Set larger code cache with -XX:ReservedCodeCacheSize=
# This output file may be truncated or incomplete.
#
#  Out of Memory Error (allocation.cpp:323), pid=5560, tid=2768
#
# JRE version: Java(TM) SE Runtime Environment (7.0_79-b15) (build 1.7.0_79-b15)
# Java VM: Java HotSpot(TM) 64-Bit Server VM (24.79-b02 mixed mode windows-amd64 compressed oops)
# Failed to write core dump. Minidumps are not enabled by default on client versions of Windows
#

---------------  T H R E A D  ---------------

Current thread (0x00000000086cc800):  JavaThread "C2 CompilerThread0" daemon [_thread_in_native, id=2768, stack(0x0000000009c40000,0x0000000009d40000)]

Stack: [0x0000000009c40000,0x0000000009d40000]

Current CompileTask:
C2:   3738  185             com.android.dx.ssa.SCCP::run (298 bytes)


---------------  P R O C E S S  ---------------

Java Threads: ( => current thread )
  0x000000000a212000 JavaThread "pool-2-thread-4" [_thread_blocked, id=6092, stack(0x000000000a840000,0x000000000a940000)]
  0x000000000a20d800 JavaThread "pool-2-thread-3" [_thread_blocked, id=5128, stack(0x000000000a740000,0x000000000a840000)]
  0x000000000a20a800 JavaThread "pool-2-thread-2" [_thread_blocked, id=2740, stack(0x000000000a640000,0x000000000a740000)]
  0x000000000a20a000 JavaThread "pool-3-thread-1" [_thread_blocked, id=3748, stack(0x000000000a540000,0x000000000a640000)]
  0x0000000008710000 JavaThread "pool-2-thread-1" [_thread_in_vm, id=2708, stack(0x000000000a440000,0x000000000a540000)]
  0x00000000086d6000 JavaThread "Service Thread" daemon [_thread_blocked, id=4268, stack(0x0000000009e40000,0x0000000009f40000)]
  0x00000000086ce000 JavaThread "C2 CompilerThread1" daemon [_thread_in_native, id=2648, stack(0x0000000009d40000,0x0000000009e40000)]
=>0x00000000086cc800 JavaThread "C2 CompilerThread0" daemon [_thread_in_native, id=2768, stack(0x0000000009c40000,0x0000000009d40000)]
  0x00000000086cb800 JavaThread "Attach Listener" daemon [_thread_blocked, id=3632, stack(0x0000000009b40000,0x0000000009c40000)]
  0x00000000086c8800 JavaThread "Signal Dispatcher" daemon [_thread_blocked, id=960, stack(0x0000000009a40000,0x0000000009b40000)]
  0x0000000008690800 JavaThread "Finalizer" daemon [_thread_blocked, id=4172, stack(0x0000000009940000,0x0000000009a40000)]
  0x0000000008686800 JavaThread "Reference Handler" daemon [_thread_blocked, id=4796, stack(0x0000000009840000,0x0000000009940000)]
  0x0000000002650800 JavaThread "main" [_thread_in_Java, id=2684, stack(0x0000000000da0000,0x0000000000ea0000)]

Other Threads:
  0x0000000008681800 VMThread [stack: 0x0000000009740000,0x0000000009840000] [id=2324]
  0x00000000086e3800 WatcherThread [stack: 0x0000000009f40000,0x000000000a040000] [id=5636]

VM state:not at safepoint (normal execution)

VM Mutex/Monitor currently owned by a thread: None

Heap
 PSYoungGen      total 18944K, used 16141K [0x00000000eaa80000, 0x00000000ecf80000, 0x0000000100000000)
  eden space 16384K, 82% used [0x00000000eaa80000,0x00000000eb7c7648,0x00000000eba80000)
  from space 2560K, 99% used [0x00000000ebd00000,0x00000000ebf7c038,0x00000000ebf80000)
  to   space 2560K, 0% used [0x00000000eba80000,0x00000000eba80000,0x00000000ebd00000)
 ParOldGen       total 41984K, used 4299K [0x00000000c0000000, 0x00000000c2900000, 0x00000000eaa80000)
  object space 41984K, 10% used [0x00000000c0000000,0x00000000c0432f00,0x00000000c2900000)
 PSPermGen       total 21504K, used 5793K [0x00000000bae00000, 0x00000000bc300000, 0x00000000c0000000)
  object space 21504K, 26% used [0x00000000bae00000,0x00000000bb3a8578,0x00000000bc300000)

Card table byte_map: [0x0000000005a50000,0x0000000005c80000] byte_map_base: 0x0000000005479000

Polling page: 0x0000000000c70000

Code Cache  [0x0000000002a50000, 0x0000000002cc0000, 0x0000000005a50000)
 total_blobs=448 nmethods=212 adapters=189 free_code_cache=48292Kb largest_free_block=49408128

Compilation events (10 events):
Event: 3.580 Thread 0x00000000086ce000 

Event: 3.581 Thread 0x00000000086ce000  209             com.android.dx.util.BitIntSet::<init> (13 bytes)
Event: 3.582 Thread 0x00000000086ce000 nmethod 209 0x0000000002b1db50 code [0x0000000002b1dca0, 0x0000000002b1ddb8]
Event: 3.582 Thread 0x00000000086ce000  210             com.android.dx.rop.code.BasicBlockList::forEachInsn (39 bytes)
Event: 3.588 Thread 0x00000000086ce000 nmethod 210 0x0000000002b21b10 code [0x0000000002b21c60, 0x0000000002b21ef8]
Event: 3.588 Thread 0x00000000086ce000  211             com.android.dx.ssa.SsaRenamer::access$000 (5 bytes)
Event: 3.588 Thread 0x00000000086ce000 nmethod 211 0x0000000002b1f0d0 code [0x0000000002b1f200, 0x0000000002b1f258]
Event: 3.588 Thread 0x00000000086ce000  212             com.android.dx.ssa.back.IdenticalBlockCombiner::process (323 bytes)
Event: 3.692 Thread 0x00000000086ce000 nmethod 212 0x0000000002b2c590 code [0x0000000002b2c860, 0x0000000002b2e628]
Event: 3.692 Thread 0x00000000086ce000  213             com.android.dx.ssa.SsaBasicBlock::newFromRop (183 bytes)

GC Heap History (4 events):
Event: 2.302 GC heap before
{Heap before GC invocations=1 (full 0):
 PSYoungGen      total 18944K, used 16384K [0x00000000eaa80000, 0x00000000ebf80000, 0x0000000100000000)
  eden space 16384K, 100% used [0x00000000eaa80000,0x00000000eba80000,0x00000000eba80000)
  from space 2560K, 0% used [0x00000000ebd00000,0x00000000ebd00000,0x00000000ebf80000)
  to   space 2560K, 0% used [0x00000000eba80000,0x00000000eba80000,0x00000000ebd00000)
 ParOldGen       total 41984K, used 0K [0x00000000c0000000, 0x00000000c2900000, 0x00000000eaa80000)
  object space 41984K, 0% used [0x00000000c0000000,0x00000000c0000000,0x00000000c2900000)
 PSPermGen       total 21504K, used 5538K [0x00000000bae00000, 0x00000000bc300000, 0x00000000c0000000)
  object space 21504K, 25% used [0x00000000bae00000,0x00000000bb368a50,0x00000000bc300000)
Event: 2.322 GC heap after
Heap after GC invocations=1 (full 0):
 PSYoungGen      total 18944K, used 2535K [0x00000000eaa80000, 0x00000000ebf80000, 0x0000000100000000)
  eden space 16384K, 0% used [0x00000000eaa80000,0x00000000eaa80000,0x00000000eba80000)
  from space 2560K, 99% used [0x00000000eba80000,0x00000000ebcf9c88,0x00000000ebd00000)
  to   space 2560K, 0% used [0x00000000ebd00000,0x00000000ebd00000,0x00000000ebf80000)
 ParOldGen       total 41984K, used 1748K [0x00000000c0000000, 0x00000000c2900000, 0x00000000eaa80000)
  object space 41984K, 4% used [0x00000000c0000000,0x00000000c01b53c0,0x00000000c2900000)
 PSPermGen       total 21504K, used 5538K [0x00000000bae00000, 0x00000000bc300000, 0x00000000c0000000)
  object space 21504K, 25% used [0x00000000bae00000,0x00000000bb368a50,0x00000000bc300000)
}
Event: 3.158 GC heap before
{Heap before GC invocations=2 (full 0):
 PSYoungGen      total 18944K, used 18919K [0x00000000eaa80000, 0x00000000ebf80000, 0x0000000100000000)
  eden space 16384K, 100% used [0x00000000eaa80000,0x00000000eba80000,0x00000000eba80000)
  from space 2560K, 99% used [0x00000000eba80000,0x00000000ebcf9c88,0x00000000ebd00000)
  to   space 2560K, 0% used [0x00000000ebd00000,0x00000000ebd00000,0x00000000ebf80000)
 ParOldGen       total 41984K, used 1748K [0x00000000c0000000, 0x00000000c2900000, 0x00000000eaa80000)
  object space 41984K, 4% used [0x00000000c0000000,0x00000000c01b53c0,0x00000000c2900000)
 PSPermGen       total 21504K, used 5721K [0x00000000bae00000, 0x00000000bc300000, 0x00000000c0000000)
  object space 21504K, 26% used [0x00000000bae00000,0x00000000bb396618,0x00000000bc300000)
Event: 3.187 GC heap after
Heap after GC invocations=2 (full 0):
 PSYoungGen      total 18944K, used 2544K [0x00000000eaa80000, 0x00000000ecf80000, 0x0000000100000000)
  eden space 16384K, 0% used [0x00000000eaa80000,0x00000000eaa80000,0x00000000eba80000)
  from space 2560K, 99% used [0x00000000ebd00000,0x00000000ebf7c038,0x00000000ebf80000)
  to   space 2560K, 0% used [0x00000000eba80000,0x00000000eba80000,0x00000000ebd00000)
 ParOldGen       total 41984K, used 4299K [0x00000000c0000000, 0x00000000c2900000, 0x00000000eaa80000)
  object space 41984K, 10% used [0x00000000c0000000,0x00000000c0432f00,0x00000000c2900000)
 PSPermGen       total 21504K, used 5721K [0x00000000bae00000, 0x00000000bc300000, 0x00000000c0000000)
  object space 21504K, 26% used [0x00000000bae00000,0x00000000bb396618,0x00000000bc300000)
}

Deoptimization events (10 events):
Event: 1.906 Thread 0x000000000a20d800 Uncommon trap: reason=class_check action=maybe_recompile pc=0x0000000002ac6818 method=com.android.dx.ssa.NormalSsaInsn.accept(Lcom/android/dx/ssa/SsaInsn$Visitor;)V @ 9
Event: 1.906 Thread 0x000000000a20d800 Uncommon trap: reason=class_check action=maybe_recompile pc=0x0000000002ac6818 method=com.android.dx.ssa.NormalSsaInsn.accept(Lcom/android/dx/ssa/SsaInsn$Visitor;)V @ 9
Event: 1.907 Thread 0x000000000a20d800 Uncommon trap: reason=class_check action=maybe_recompile pc=0x0000000002ac6818 method=com.android.dx.ssa.NormalSsaInsn.accept(Lcom/android/dx/ssa/SsaInsn$Visitor;)V @ 9
Event: 2.029 Thread 0x0000000008710000 Uncommon trap: reason=null_check action=make_not_entrant pc=0x0000000002ad7bd4 method=com.android.dx.rop.code.LocalItem.equals(Ljava/lang/Object;)Z @ 1
Event: 2.363 Thread 0x0000000002650800 Uncommon trap: reason=class_check action=maybe_recompile pc=0x0000000002ae3328 method=com.android.dx.rop.type.Type.equals(Ljava/lang/Object;)Z @ 8
Event: 2.363 Thread 0x0000000002650800 Uncommon trap: reason=class_check action=maybe_recompile pc=0x0000000002ae3328 method=com.android.dx.rop.type.Type.equals(Ljava/lang/Object;)Z @ 8
Event: 2.369 Thread 0x0000000002650800 Uncommon trap: reason=class_check action=maybe_recompile pc=0x0000000002ae3328 method=com.android.dx.rop.type.Type.equals(Ljava/lang/Object;)Z @ 8
Event: 2.376 Thread 0x0000000002650800 Uncommon trap: reason=class_check action=maybe_recompile pc=0x0000000002ae3328 method=com.android.dx.rop.type.Type.equals(Ljava/lang/Object;)Z @ 8
Event: 2.531 Thread 0x0000000008710000 Uncommon trap: reason=null_check action=make_not_entrant pc=0x0000000002adab84 method=com.android.dx.ssa.SsaRenamer.getLocalForNewReg(I)Lcom/android/dx/rop/code/LocalItem; @ 19
Event: 2.626 Thread 0x0000000008710000 Uncommon trap: reason=unreached action=reinterpret pc=0x0000000002ad5fc4 method=com.android.dx.rop.cst.Constant.compareTo(Lcom/android/dx/rop/cst/Constant;)I @ 12

Internal exceptions (10 events):
Event: 2.433 Thread 0x0000000008710000 Threw 0x00000000ead613d8 at C:\re\jdk7u79\2331\hotspot\src\share\vm\prims\jvm.cpp:1304
Event: 2.531 Thread 0x0000000008710000 Implicit null exception at 0x0000000002ada173 to 0x0000000002adab69
Event: 3.279 Thread 0x0000000002650800 Threw 0x00000000eae11b48 at C:\re\jdk7u79\2331\hotspot\src\share\vm\prims\jvm.cpp:1304
Event: 3.288 Thread 0x0000000002650800 Threw 0x00000000eaf3a950 at C:\re\jdk7u79\2331\hotspot\src\share\vm\prims\jvm.cpp:1304
Event: 3.288 Thread 0x0000000002650800 Threw 0x00000000eaf3cda0 at C:\re\jdk7u79\2331\hotspot\src\share\vm\prims\jvm.cpp:1304
Event: 3.289 Thread 0x0000000002650800 Threw 0x00000000eaf40b00 at C:\re\jdk7u79\2331\hotspot\src\share\vm\prims\jvm.cpp:1304
Event: 3.290 Thread 0x0000000002650800 Threw 0x00000000eaf42d20 at C:\re\jdk7u79\2331\hotspot\src\share\vm\prims\jvm.cpp:1304
Event: 3.540 Thread 0x0000000002650800 Threw 0x00000000eb47fb28 at C:\re\jdk7u79\2331\hotspot\src\share\vm\prims\jvm.cpp:1304
Event: 3.541 Thread 0x0000000002650800 Threw 0x00000000eb485338 at C:\re\jdk7u79\2331\hotspot\src\share\vm\prims\jvm.cpp:1304
Event: 3.542 Thread 0x0000000002650800 Threw 0x00000000eb48a948 at C:\re\jdk7u79\2331\hotspot\src\share\vm\prims\jvm.cpp:1304

Events (10 events):
Event: 3.289 loading class 0x0000000008712480
Event: 3.289 loading class 0x0000000008712480 done
Event: 3.290 loading class 0x000000000a1de9c0
Event: 3.290 loading class 0x000000000a1de9c0 done
Event: 3.540 loading class 0x000000000a233f50
Event: 3.540 loading class 0x000000000a233f50 done
Event: 3.541 loading class 0x000000000a1de740
Event: 3.541 loading class 0x000000000a1de740 done
Event: 3.542 loading class 0x000000000a1dee40
Event: 3.542 loading class 0x000000000a1dee40 done


Dynamic libraries:
0x00007ff6da430000 - 0x00007ff6da463000 	C:\Program Files\Java\jdk1.7.0_79\bin\java.exe
0x00007ffde22b0000 - 0x00007ffde245c000 	C:\Windows\SYSTEM32\ntdll.dll
0x00007ffde1ac0000 - 0x00007ffde1bfe000 	C:\Windows\system32\KERNEL32.DLL
0x00007ffddf810000 - 0x00007ffddf925000 	C:\Windows\system32\KERNELBASE.dll
0x00007ffdddfa0000 - 0x00007ffdde02e000 	C:\Windows\system32\apphelp.dll
0x00007ffdda170000 - 0x00007ffdda1c3000 	C:\Windows\AppPatch\AppPatch64\AcGenral.DLL
0x00007ffde10e0000 - 0x00007ffde118a000 	C:\Windows\system32\msvcrt.dll
0x00007ffddf2a0000 - 0x00007ffddf2ce000 	C:\Windows\SYSTEM32\SspiCli.dll
0x00007ffde1c20000 - 0x00007ffde1c74000 	C:\Windows\system32\SHLWAPI.dll
0x00007ffde1d30000 - 0x00007ffde1ea7000 	C:\Windows\system32\USER32.dll
0x00007ffde1920000 - 0x00007ffde1ab4000 	C:\Windows\system32\ole32.dll
0x00007ffddfa00000 - 0x00007ffde0f18000 	C:\Windows\system32\SHELL32.dll
0x00007ffddea20000 - 0x00007ffddea41000 	C:\Windows\SYSTEM32\USERENV.dll
0x00007ffde1c80000 - 0x00007ffde1d2a000 	C:\Windows\system32\ADVAPI32.dll
0x00007ffdd2680000 - 0x00007ffdd269e000 	C:\Windows\SYSTEM32\MPR.dll
0x00007ffde13e0000 - 0x00007ffde1521000 	C:\Windows\system32\RPCRT4.dll
0x00007ffde1530000 - 0x00007ffde1589000 	C:\Windows\SYSTEM32\sechost.dll
0x00007ffde16c0000 - 0x00007ffde18d1000 	C:\Windows\SYSTEM32\combase.dll
0x00007ffde1f70000 - 0x00007ffde20c1000 	C:\Windows\system32\GDI32.dll
0x00007ffddf400000 - 0x00007ffddf415000 	C:\Windows\SYSTEM32\profapi.dll
0x00007ffddd950000 - 0x00007ffddda02000 	C:\Windows\SYSTEM32\SHCORE.dll
0x00007ffde18e0000 - 0x00007ffde1916000 	C:\Windows\system32\IMM32.DLL
0x00007ffde1260000 - 0x00007ffde13b2000 	C:\Windows\system32\MSCTF.dll
0x00007ffddd030000 - 0x00007ffddd2ab000 	C:\Windows\WinSxS\amd64_microsoft.windows.common-controls_6595b64144ccf1df_6.0.9600.17784_none_624760d1ecb7236e\COMCTL32.dll
0x0000000071b50000 - 0x0000000071c22000 	C:\Program Files\Java\jdk1.7.0_79\jre\bin\msvcr100.dll
0x0000000073e30000 - 0x0000000074605000 	C:\Program Files\Java\jdk1.7.0_79\jre\bin\server\jvm.dll
0x00007ffdd6a40000 - 0x00007ffdd6a49000 	C:\Windows\SYSTEM32\WSOCK32.dll
0x00007ffddb930000 - 0x00007ffddb952000 	C:\Windows\SYSTEM32\WINMM.dll
0x00007ffde13d0000 - 0x00007ffde13d7000 	C:\Windows\system32\PSAPI.DLL
0x00007ffde11f0000 - 0x00007ffde124a000 	C:\Windows\system32\WS2_32.dll
0x00007ffddb880000 - 0x00007ffddb8aa000 	C:\Windows\SYSTEM32\WINMMBASE.dll
0x00007ffde10d0000 - 0x00007ffde10d9000 	C:\Windows\system32\NSI.dll
0x00007ffddf4d0000 - 0x00007ffddf51f000 	C:\Windows\SYSTEM32\cfgmgr32.dll
0x00007ffdde1f0000 - 0x00007ffdde218000 	C:\Windows\SYSTEM32\DEVOBJ.dll
0x0000000073e20000 - 0x0000000073e2f000 	C:\Program Files\Java\jdk1.7.0_79\jre\bin\verify.dll
0x0000000073df0000 - 0x0000000073e18000 	C:\Program Files\Java\jdk1.7.0_79\jre\bin\java.dll
0x0000000073dd0000 - 0x0000000073de5000 	C:\Program Files\Java\jdk1.7.0_79\jre\bin\zip.dll
0x0000000073db0000 - 0x0000000073dca000 	C:\Program Files\Java\jdk1.7.0_79\jre\bin\net.dll
0x00007ffddece0000 - 0x00007ffdded39000 	C:\Windows\system32\mswsock.dll
0x0000000073d90000 - 0x0000000073da1000 	C:\Program Files\Java\jdk1.7.0_79\jre\bin\nio.dll

VM Arguments:
jvm_args: -Djava.awt.headless=true -Xmx1024M -Dfile.encoding=windows-1251 -Duser.country=RU -Duser.language=ru -Duser.variant 
java_command: com.android.dx.command.Main --dex --force-jumbo --num-threads=4 --multi-dex --output E:\android\myApp\TheMovieDB\app\build\intermediates\transforms\dex\debug\folders\1000\10\com.android.support-support-v4-23.2.1_3ed324f9ad2eeeea67aa61823f53d1e200e9a33b E:\android\myApp\TheMovieDB\app\build\intermediates\exploded-aar\com.android.support\support-v4\23.2.1\jars\classes.jar
Launcher Type: SUN_STANDARD

Environment Variables:
PATH=C:\Program Files (x86)\NVIDIA Corporation\PhysX\Common;C:\Windows\system32;C:\Windows;C:\Windows\System32\Wbem;C:\Windows\System32\WindowsPowerShell\v1.0\;C:\Program Files\Git\cmd;C:\Program Files (x86)\Skype\Phone\
USERNAME=Yury
OS=Windows_NT
PROCESSOR_IDENTIFIER=Intel64 Family 6 Model 37 Stepping 2, GenuineIntel



---------------  S Y S T E M  ---------------

OS: Windows 8.1 , 64 bit Build 9600 

CPU:total 4 (2 cores per cpu, 2 threads per core) family 6 model 37 stepping 2, cmov, cx8, fxsr, mmx, sse, sse2, sse3, ssse3, sse4.1, sse4.2, popcnt, ht, tsc, tscinvbit

Memory: 4k page, physical 4053768k(216448k free), swap 7199496k(5076k free)

vm_info: Java HotSpot(TM) 64-Bit Server VM (24.79-b02) for windows-amd64 JRE (1.7.0_79-b15), built on Apr 10 2015 12:36:16 by "java_re" with unknown MS VC++:1600

time: Mon Apr 11 19:36:50 2016
elapsed time: 3 seconds

